ip addr:  192.168.11.11
--------陽明山----------
time: 發布時間 : 04/29 21:10
temp: 20.9
humidity: 89.0
rain: 0.0
--------鞍部----------
time: 發布時間 : 04/29 21:10
temp: 19.8
humidity: -1.0
rain: 0.0
--------臺北----------
time: 發布時間 : 04/29 21:10
temp: 27.4
humidity: 76.0
rain: 0.0
--------文山----------
time: 發布時間 : 04/29 21:00
temp: 24.6
humidity: 89.0
rain: 0.0
--------社子----------
time: 發布時間 : 04/29 21:00
temp: 25.7
humidity: 80.0
rain: 0.0
--------大直----------
time: 發布時間 : 04/29 21:00
temp: 26.5
humidity: 76.0
rain: 0.0
--------石牌----------
time: 發布時間 : 04/29 21:00
temp: 27.0
humidity: 69.0
rain: 0.0
--------天母----------
time: 發布時間 : 04/29 21:00
temp: 25.6
humidity: 76.0
rain: 0.0
--------士林----------
time: 發布時間 : 04/29 21:00
temp: 27.1
humidity: 70.0
rain: 0.0
--------內湖----------
time: 發布時間 : 04/29 21:00
temp: 26.7
humidity: 77.0
rain: 0.0
--------信義----------
time: 發布時間 : 04/29 21:00
temp: 26.8
humidity: 76.0
rain: 0.0
--------大屯山----------
time: 發布時間 : 04/29 21:00
temp: 18.2
humidity: 98.0
rain: 0.0
--------文化大學----------
time: 發布時間 : 04/29 21:10
temp: 23.0
humidity: 83.0
rain: 0.0
--------平等----------
time: 發布時間 : 04/29 21:00
temp: 22.5
humidity: 86.0
rain: 0.0
--------臺灣大學----------
time: 發布時間 : 04/29 21:10
temp: 26.3
humidity: 78.0
rain: 0.0
--------松山----------
time: 發布時間 : 04/29 21:00
temp: 27.5
humidity: 67.0
rain: 0.0
--------大安森林----------
time: 發布時間 : 04/29 21:10
temp: 25.1
humidity: 82.0
rain: 0.0
ip addr:  192.168.11.11
--------陽明山----------
time: 發布時間 : 04/29 21:10
temp: 20.9
humidity: 89.0
rain: 0.0
--------鞍部----------
time: 發布時間 : 04/29 21:10
temp: 19.8
humidity: -1.0
rain: 0.0
--------臺北----------
time: 發布時間 : 04/29 21:10
temp: 27.4
humidity: 76.0
rain: 0.0
--------文山----------
time: 發布時間 : 04/29 21:00
temp: 24.6
humidity: 89.0
rain: 0.0
--------社子----------
time: 發布時間 : 04/29 21:00
temp: 25.7
humidity: 80.0
rain: 0.0
--------大直----------
time: 發布時間 : 04/29 21:00
temp: 26.5
humidity: 76.0
rain: 0.0
--------石牌----------
time: 發布時間 : 04/29 21:00
temp: 27.0
humidity: 69.0
rain: 0.0
--------天母----------
time: 發布時間 : 04/29 21:00
temp: 25.6
humidity: 76.0
rain: 0.0
--------士林----------
time: 發布時間 : 04/29 21:00
temp: 27.1
humidity: 70.0
rain: 0.0
--------內湖----------
time: 發布時間 : 04/29 21:00
temp: 26.7
humidity: 77.0
rain: 0.0
--------信義----------
time: 發布時間 : 04/29 21:00
temp: 26.8
humidity: 76.0
rain: 0.0
--------大屯山----------
time: 發布時間 : 04/29 21:00
temp: 18.2
humidity: 98.0
rain: 0.0
--------文化大學----------
time: 發布時間 : 04/29 21:10
temp: 23.0
humidity: 83.0
rain: 0.0
--------平等----------
time: 發布時間 : 04/29 21:00
temp: 22.5
humidity: 86.0
rain: 0.0
--------臺灣大學----------
time: 發布時間 : 04/29 21:10
temp: 26.3
humidity: 78.0
rain: 0.0
--------松山----------
time: 發布時間 : 04/29 21:00
temp: 27.5
humidity: 67.0
rain: 0.0
--------大安森林----------
time: 發布時間 : 04/29 21:10
temp: 25.1
humidity: 82.0
rain: 0.0
ip addr:  192.168.11.11
--------陽明山----------
time: 發布時間 : 04/29 21:10
temp: 20.9
humidity: 89.0
rain: 0.0
--------鞍部----------
time: 發布時間 : 04/29 21:10
temp: 19.8
humidity: -1.0
rain: 0.0
--------臺北----------
time: 發布時間 : 04/29 21:10
temp: 27.4
humidity: 76.0
rain: 0.0
--------文山----------
time: 發布時間 : 04/29 21:00
temp: 24.6
humidity: 89.0
rain: 0.0
--------社子----------
time: 發布時間 : 04/29 21:00
temp: 25.7
humidity: 80.0
rain: 0.0
--------大直----------
time: 發布時間 : 04/29 21:00
temp: 26.5
humidity: 76.0
rain: 0.0
--------石牌----------
time: 發布時間 : 04/29 21:00
temp: 27.0
humidity: 69.0
rain: 0.0
--------天母----------
time: 發布時間 : 04/29 21:00
temp: 25.6
humidity: 76.0
rain: 0.0
--------士林----------
time: 發布時間 : 04/29 21:00
temp: 27.1
humidity: 70.0
rain: 0.0
--------內湖----------
time: 發布時間 : 04/29 21:00
temp: 26.7
humidity: 77.0
rain: 0.0
--------信義----------
time: 發布時間 : 04/29 21:00
temp: 26.8
humidity: 76.0
rain: 0.0
--------大屯山----------
time: 發布時間 : 04/29 21:00
temp: 18.2
humidity: 98.0
rain: 0.0
--------文化大學----------
time: 發布時間 : 04/29 21:10
temp: 23.0
humidity: 83.0
rain: 0.0
--------平等----------
time: 發布時間 : 04/29 21:00
temp: 22.5
humidity: 86.0
rain: 0.0
--------臺灣大學----------
time: 發布時間 : 04/29 21:10
temp: 26.3
humidity: 78.0
rain: 0.0
--------松山----------
time: 發布時間 : 04/29 21:00
temp: 27.5
humidity: 67.0
rain: 0.0
--------大安森林----------
time: 發布時間 : 04/29 21:10
temp: 25.1
humidity: 82.0
rain: 0.0
ip addr:  192.168.11.11
--------陽明山----------
time: 發布時間 : 04/29 21:10
temp: 20.9
humidity: 89.0
rain: 0.0
--------鞍部----------
time: 發布時間 : 04/29 21:10
temp: 19.8
humidity: -1.0
rain: 0.0
--------臺北----------
time: 發布時間 : 04/29 21:10
temp: 27.4
humidity: 76.0
rain: 0.0
--------文山----------
time: 發布時間 : 04/29 21:00
temp: 24.6
humidity: 89.0
rain: 0.0
--------社子----------
time: 發布時間 : 04/29 21:00
temp: 25.7
humidity: 80.0
rain: 0.0
--------大直----------
time: 發布時間 : 04/29 21:00
temp: 26.5
humidity: 76.0
rain: 0.0
--------石牌----------
time: 發布時間 : 04/29 21:00
temp: 27.0
humidity: 69.0
rain: 0.0
--------天母----------
time: 發布時間 : 04/29 21:00
temp: 25.6
humidity: 76.0
rain: 0.0
--------士林----------
time: 發布時間 : 04/29 21:00
temp: 27.1
humidity: 70.0
rain: 0.0
--------內湖----------
time: 發布時間 : 04/29 21:00
temp: 26.7
humidity: 77.0
rain: 0.0
--------信義----------
time: 發布時間 : 04/29 21:00
temp: 26.8
humidity: 76.0
rain: 0.0
--------大屯山----------
time: 發布時間 : 04/29 21:00
temp: 18.2
humidity: 98.0
rain: 0.0
--------文化大學----------
time: 發布時間 : 04/29 21:10
temp: 23.0
humidity: 83.0
rain: 0.0
--------平等----------
time: 發布時間 : 04/29 21:00
temp: 22.5
humidity: 86.0
rain: 0.0
--------臺灣大學----------
time: 發布時間 : 04/29 21:10
temp: 26.3
humidity: 78.0
rain: 0.0
--------松山----------
time: 發布時間 : 04/29 21:00
temp: 27.5
humidity: 67.0
rain: 0.0
--------大安森林----------
time: 發布時間 : 04/29 21:10
temp: 25.1
humidity: 82.0
rain: 0.0
ip addr:  192.168.11.11
--------陽明山----------
time: 發布時間 : 04/29 21:10
temp: 20.9
humidity: 89.0
rain: 0.0
--------鞍部----------
time: 發布時間 : 04/29 21:10
temp: 19.8
humidity: -1.0
rain: 0.0
--------臺北----------
time: 發布時間 : 04/29 21:10
temp: 27.4
humidity: 76.0
rain: 0.0
--------文山----------
time: 發布時間 : 04/29 21:00
temp: 24.6
humidity: 89.0
rain: 0.0
--------社子----------
time: 發布時間 : 04/29 21:00
temp: 25.7
humidity: 80.0
rain: 0.0
--------大直----------
time: 發布時間 : 04/29 21:00
temp: 26.5
humidity: 76.0
rain: 0.0
--------石牌----------
time: 發布時間 : 04/29 21:00
temp: 27.0
humidity: 69.0
rain: 0.0
--------天母----------
time: 發布時間 : 04/29 21:00
temp: 25.6
humidity: 76.0
rain: 0.0
--------士林----------
time: 發布時間 : 04/29 21:00
temp: 27.1
humidity: 70.0
rain: 0.0
--------內湖----------
time: 發布時間 : 04/29 21:00
temp: 26.7
humidity: 77.0
rain: 0.0
--------信義----------
time: 發布時間 : 04/29 21:00
temp: 26.8
humidity: 76.0
rain: 0.0
--------大屯山----------
time: 發布時間 : 04/29 21:00
temp: 18.2
humidity: 98.0
rain: 0.0
--------文化大學----------
time: 發布時間 : 04/29 21:10
temp: 23.0
humidity: 83.0
rain: 0.0
--------平等----------
time: 發布時間 : 04/29 21:00
temp: 22.5
humidity: 86.0
rain: 0.0
--------臺灣大學----------
time: 發布時間 : 04/29 21:10
temp: 26.3
humidity: 78.0
rain: 0.0
--------松山----------
time: 發布時間 : 04/29 21:00
temp: 27.5
humidity: 67.0
rain: 0.0
--------大安森林----------
time: 發布時間 : 04/29 21:10
temp: 25.1
humidity: 82.0
rain: 0.0
ip addr:  192.168.11.11
--------陽明山----------
time: 發布時間 : 04/29 21:10
temp: 20.9
humidity: 89.0
rain: 0.0
--------鞍部----------
time: 發布時間 : 04/29 21:10
temp: 19.8
humidity: -1.0
rain: 0.0
--------臺北----------
time: 發布時間 : 04/29 21:10
temp: 27.4
humidity: 76.0
rain: 0.0
--------文山----------
time: 發布時間 : 04/29 21:00
temp: 24.6
humidity: 89.0
rain: 0.0
--------社子----------
time: 發布時間 : 04/29 21:00
temp: 25.7
humidity: 80.0
rain: 0.0
--------大直----------
time: 發布時間 : 04/29 21:00
temp: 26.5
humidity: 76.0
rain: 0.0
--------石牌----------
time: 發布時間 : 04/29 21:00
temp: 27.0
humidity: 69.0
rain: 0.0
--------天母----------
time: 發布時間 : 04/29 21:00
temp: 25.6
humidity: 76.0
rain: 0.0
--------士林----------
time: 發布時間 : 04/29 21:00
temp: 27.1
humidity: 70.0
rain: 0.0
--------內湖----------
time: 發布時間 : 04/29 21:00
temp: 26.7
humidity: 77.0
rain: 0.0
--------信義----------
time: 發布時間 : 04/29 21:00
temp: 26.8
humidity: 76.0
rain: 0.0
--------大屯山----------
time: 發布時間 : 04/29 21:00
temp: 18.2
humidity: 98.0
rain: 0.0
--------文化大學----------
time: 發布時間 : 04/29 21:10
temp: 23.0
humidity: 83.0
rain: 0.0
--------平等----------
time: 發布時間 : 04/29 21:00
temp: 22.5
humidity: 86.0
rain: 0.0
--------臺灣大學----------
time: 發布時間 : 04/29 21:10
temp: 26.3
humidity: 78.0
rain: 0.0
--------松山----------
time: 發布時間 : 04/29 21:00
temp: 27.5
humidity: 67.0
rain: 0.0
--------大安森林----------
time: 發布時間 : 04/29 21:10
temp: 25.1
humidity: 82.0
rain: 0.0
ip addr:  192.168.11.11
--------陽明山----------
time: 發布時間 : 04/29 21:20
temp: 20.8
humidity: 89.0
rain: 0.0
--------鞍部----------
time: 發布時間 : 04/29 21:20
temp: 19.9
humidity: -1.0
rain: 0.0
--------臺北----------
time: 發布時間 : 04/29 21:20
temp: 27.3
humidity: 76.0
rain: 0.0
--------文山----------
time: 發布時間 : 04/29 21:00
temp: 24.6
humidity: 89.0
rain: 0.0
--------社子----------
time: 發布時間 : 04/29 21:00
temp: 25.7
humidity: 80.0
rain: 0.0
--------大直----------
time: 發布時間 : 04/29 21:00
temp: 26.5
humidity: 76.0
rain: 0.0
--------石牌----------
time: 發布時間 : 04/29 21:00
temp: 27.0
humidity: 69.0
rain: 0.0
--------天母----------
time: 發布時間 : 04/29 21:00
temp: 25.6
humidity: 76.0
rain: 0.0
--------士林----------
time: 發布時間 : 04/29 21:00
temp: 27.1
humidity: 70.0
rain: 0.0
--------內湖----------
time: 發布時間 : 04/29 21:00
temp: 26.7
humidity: 77.0
rain: 0.0
--------信義----------
time: 發布時間 : 04/29 21:00
temp: 26.8
humidity: 76.0
rain: 0.0
--------大屯山----------
time: 發布時間 : 04/29 21:00
temp: 18.2
humidity: 98.0
rain: 0.0
--------文化大學----------
time: 發布時間 : 04/29 21:20
temp: 22.8
humidity: 85.0
rain: 0.0
--------平等----------
time: 發布時間 : 04/29 21:00
temp: 22.5
humidity: 86.0
rain: 0.0
--------臺灣大學----------
time: 發布時間 : 04/29 21:20
temp: 25.9
humidity: 81.0
rain: 0.0
--------松山----------
time: 發布時間 : 04/29 21:00
temp: 27.5
humidity: 67.0
rain: 0.0
--------大安森林----------
time: 發布時間 : 04/29 21:20
temp: 24.9
humidity: 83.0
rain: 0.0
